<?xml version="1.0" encoding="UTF-8"?>
<!-- Generated by org.testng.reporters.JUnitReportReporter -->
<testsuite hostname="DESKTOP-11BHCQ0" failures="0" tests="5" name="tests.AnnotationTransformerClass" time="0.245" errors="0" timestamp="2023-07-13T17:31:00 EET" skipped="0">
  <testcase classname="tests.AnnotationTransformerClass" name="changeInvocationCountOfMethod" time="0.011">
    <system-out>
      <![CDATA[Method Name is :changeInvocationCountOfMethod
Status Of Execution is 1]]>
    </system-out>
  </testcase> <!-- changeInvocationCountOfMethod -->
  <testcase classname="tests.AnnotationTransformerClass" name="changeInvocationCountOfMethod" time="0.015">
    <system-out>
      <![CDATA[Method Name is :changeInvocationCountOfMethod
Status Of Execution is 1]]>
    </system-out>
  </testcase> <!-- changeInvocationCountOfMethod -->
  <testcase classname="tests.AnnotationTransformerClass" name="changeInvocationCountOfMethod" time="0.009">
    <system-out>
      <![CDATA[Method Name is :changeInvocationCountOfMethod
Status Of Execution is 1]]>
    </system-out>
  </testcase> <!-- changeInvocationCountOfMethod -->
  <testcase classname="tests.AnnotationTransformerClass" name="changeInvocationCountOfMethod" time="0.198">
    <system-out>
      <![CDATA[Method Name is :changeInvocationCountOfMethod
Status Of Execution is 1]]>
    </system-out>
  </testcase> <!-- changeInvocationCountOfMethod -->
  <testcase classname="tests.AnnotationTransformerClass" name="changeInvocationCountOfMethod" time="0.012">
    <system-out>
      <![CDATA[Method Name is :changeInvocationCountOfMethod
Status Of Execution is 1]]>
    </system-out>
  </testcase> <!-- changeInvocationCountOfMethod -->
  <system-out>
    <![CDATA[Method Name is :changeInvocationCountOfMethod
Status Of Execution is 1
Method Name is :changeInvocationCountOfMethod
Status Of Execution is 1
Method Name is :changeInvocationCountOfMethod
Status Of Execution is 1
Method Name is :changeInvocationCountOfMethod
Status Of Execution is 1
Method Name is :changeInvocationCountOfMethod
Status Of Execution is 1]]>
  </system-out>
</testsuite> <!-- tests.AnnotationTransformerClass -->
