<?xml version="1.0" encoding="UTF-8"?>
<!-- Generated by org.testng.reporters.JUnitReportReporter -->
<testsuite hostname="DESKTOP-11BHCQ0" failures="0" tests="1" name="pages.orderTest" time="13.402" errors="0" timestamp="2023-07-18T17:38:43 EET" skipped="0">
  <testcase classname="pages.orderTest" name="computerOrderTest" time="13.402">
    <system-out>
      <![CDATA[Method Name is :computerOrderTest
Status Of Execution is 1]]>
    </system-out>
  </testcase> <!-- computerOrderTest -->
  <system-out>
    <![CDATA[Method Name is :registrationTest
Method Name is :computerOrderTest
Status Of Execution is 1
Status Of Execution is 1]]>
  </system-out>
</testsuite> <!-- pages.orderTest -->
