<?xml version="1.0" encoding="UTF-8"?>
<!-- Generated by org.testng.reporters.JUnitReportReporter -->
<testsuite hostname="DESKTOP-11BHCQ0" failures="0" tests="1" name="pages.RegistrationTest" time="11.391" errors="0" timestamp="2023-07-18T17:38:43 EET" skipped="0">
  <testcase classname="pages.RegistrationTest" name="registrationTest" time="11.391">
    <system-out>
      <![CDATA[Method Name is :registrationTest
Status Of Execution is 1]]>
    </system-out>
  </testcase> <!-- registrationTest -->
  <system-out>
    <![CDATA[Method Name is :registrationTest
Method Name is :computerOrderTest
Status Of Execution is 1
Status Of Execution is 1]]>
  </system-out>
</testsuite> <!-- pages.RegistrationTest -->
