<?xml version="1.0" encoding="UTF-8"?>
<!-- Generated by org.testng.reporters.JUnitReportReporter -->
<testsuite hostname="DESKTOP-11BHCQ0" failures="0" tests="1" name="pages.ShopCartTest" time="1.295" errors="0" timestamp="2023-11-24T23:37:25 EET" skipped="0">
  <testcase classname="pages.ShopCartTest" name="shopCartTest" time="1.295">
    <system-out>
      <![CDATA[Method Name is :shopCartTest
Status Of Execution is 1]]>
    </system-out>
  </testcase> <!-- shopCartTest -->
  <system-out>
    <![CDATA[Method Name is :registrationTest
Method Name is :shopCartTest
Status Of Execution is 1
<a href="E:\testing\java\projects\nopCommerceFrameWork\Screenshots">ScreenShot</a>]]>
  </system-out>
</testsuite> <!-- pages.ShopCartTest -->
